0 info it worked if it ends with ok
1 verbose cli [ 'node', '/usr/local/bin/npm', 'publish' ]
2 info using npm@1.3.11
3 info using node@v0.10.21
4 verbose publish [ '.' ]
5 verbose cache add [ '.', null ]
6 verbose cache add name=undefined spec="." args=[".",null]
7 verbose parsed url { protocol: null,
7 verbose parsed url   slashes: null,
7 verbose parsed url   auth: null,
7 verbose parsed url   host: null,
7 verbose parsed url   port: null,
7 verbose parsed url   hostname: null,
7 verbose parsed url   hash: null,
7 verbose parsed url   search: null,
7 verbose parsed url   query: null,
7 verbose parsed url   pathname: '.',
7 verbose parsed url   path: '.',
7 verbose parsed url   href: '.' }
8 silly lockFile 3a52ce78- .
9 verbose lock . /Users/craig/.npm/3a52ce78-.lock
10 verbose tar pack [ '/var/folders/n1/r96x64mx6jzcbzkbz1ddrw6r0000gn/T/npm-8103-s4CkM4QZ/1388810260056-0.2860844840761274/tmp.tgz',
10 verbose tar pack   '.' ]
11 verbose tarball /var/folders/n1/r96x64mx6jzcbzkbz1ddrw6r0000gn/T/npm-8103-s4CkM4QZ/1388810260056-0.2860844840761274/tmp.tgz
12 verbose folder .
13 silly lockFile 1f1177db-tar tar://.
14 verbose lock tar://. /Users/craig/.npm/1f1177db-tar.lock
15 silly lockFile 56dc728a-60056-0-2860844840761274-tmp-tgz tar:///var/folders/n1/r96x64mx6jzcbzkbz1ddrw6r0000gn/T/npm-8103-s4CkM4QZ/1388810260056-0.2860844840761274/tmp.tgz
16 verbose lock tar:///var/folders/n1/r96x64mx6jzcbzkbz1ddrw6r0000gn/T/npm-8103-s4CkM4QZ/1388810260056-0.2860844840761274/tmp.tgz /Users/craig/.npm/56dc728a-60056-0-2860844840761274-tmp-tgz.lock
17 silly lockFile 1f1177db-tar tar://.
18 silly lockFile 1f1177db-tar tar://.
19 silly lockFile 56dc728a-60056-0-2860844840761274-tmp-tgz tar:///var/folders/n1/r96x64mx6jzcbzkbz1ddrw6r0000gn/T/npm-8103-s4CkM4QZ/1388810260056-0.2860844840761274/tmp.tgz
20 silly lockFile 56dc728a-60056-0-2860844840761274-tmp-tgz tar:///var/folders/n1/r96x64mx6jzcbzkbz1ddrw6r0000gn/T/npm-8103-s4CkM4QZ/1388810260056-0.2860844840761274/tmp.tgz
21 verbose tar unpack /var/folders/n1/r96x64mx6jzcbzkbz1ddrw6r0000gn/T/npm-8103-s4CkM4QZ/1388810260056-0.2860844840761274/tmp.tgz
22 silly lockFile 7a1967d0-60056-0-2860844840761274-package tar:///var/folders/n1/r96x64mx6jzcbzkbz1ddrw6r0000gn/T/npm-8103-s4CkM4QZ/1388810260056-0.2860844840761274/package
23 verbose lock tar:///var/folders/n1/r96x64mx6jzcbzkbz1ddrw6r0000gn/T/npm-8103-s4CkM4QZ/1388810260056-0.2860844840761274/package /Users/craig/.npm/7a1967d0-60056-0-2860844840761274-package.lock
24 silly lockFile 56dc728a-60056-0-2860844840761274-tmp-tgz tar:///var/folders/n1/r96x64mx6jzcbzkbz1ddrw6r0000gn/T/npm-8103-s4CkM4QZ/1388810260056-0.2860844840761274/tmp.tgz
25 verbose lock tar:///var/folders/n1/r96x64mx6jzcbzkbz1ddrw6r0000gn/T/npm-8103-s4CkM4QZ/1388810260056-0.2860844840761274/tmp.tgz /Users/craig/.npm/56dc728a-60056-0-2860844840761274-tmp-tgz.lock
26 silly gunzTarPerm modes [ '755', '644' ]
27 silly gunzTarPerm extractEntry package.json
28 silly gunzTarPerm modified mode [ 'package.json', 511, 493 ]
29 silly gunzTarPerm extractEntry .npmignore
30 silly gunzTarPerm modified mode [ '.npmignore', 511, 493 ]
31 silly gunzTarPerm extractEntry README.md
32 silly gunzTarPerm modified mode [ 'README.md', 511, 493 ]
33 silly gunzTarPerm extractEntry karma.conf.js
34 silly gunzTarPerm modified mode [ 'karma.conf.js', 511, 493 ]
35 silly gunzTarPerm extractEntry build/bindable.js
36 silly gunzTarPerm modified mode [ 'build/bindable.js', 511, 493 ]
37 silly gunzTarPerm extractEntry build/bindable2.js
38 silly gunzTarPerm modified mode [ 'build/bindable2.js', 511, 493 ]
39 silly gunzTarPerm extractEntry coverage/coverage.json
40 silly gunzTarPerm modified mode [ 'coverage/coverage.json', 511, 493 ]
41 silly gunzTarPerm extractEntry coverage/lcov-report/prettify.js
42 silly gunzTarPerm modified mode [ 'coverage/lcov-report/prettify.js', 511, 493 ]
43 silly gunzTarPerm extractEntry coverage/lcov-report/index.html
44 silly gunzTarPerm modified mode [ 'coverage/lcov-report/index.html', 511, 493 ]
45 silly gunzTarPerm extractEntry coverage/lcov-report/lib/collection/binding.js.html
46 silly gunzTarPerm modified mode [ 'coverage/lcov-report/lib/collection/binding.js.html',
46 silly gunzTarPerm   511,
46 silly gunzTarPerm   493 ]
47 silly gunzTarPerm extractEntry coverage/lcov-report/lib/collection/index.html
48 silly gunzTarPerm modified mode [ 'coverage/lcov-report/lib/collection/index.html', 511, 493 ]
49 silly gunzTarPerm extractEntry coverage/lcov-report/lib/collection/index.js.html
50 silly gunzTarPerm modified mode [ 'coverage/lcov-report/lib/collection/index.js.html', 511, 493 ]
51 silly gunzTarPerm extractEntry coverage/lcov-report/lib/collection/setters/base.js.html
52 silly gunzTarPerm modified mode [ 'coverage/lcov-report/lib/collection/setters/base.js.html',
52 silly gunzTarPerm   511,
52 silly gunzTarPerm   493 ]
53 silly gunzTarPerm extractEntry coverage/lcov-report/lib/collection/setters/collection.js.html
54 silly gunzTarPerm modified mode [ 'coverage/lcov-report/lib/collection/setters/collection.js.html',
54 silly gunzTarPerm   511,
54 silly gunzTarPerm   493 ]
55 silly gunzTarPerm extractEntry coverage/lcov-report/lib/collection/setters/factory.js.html
56 silly gunzTarPerm modified mode [ 'coverage/lcov-report/lib/collection/setters/factory.js.html',
56 silly gunzTarPerm   511,
56 silly gunzTarPerm   493 ]
57 silly gunzTarPerm extractEntry coverage/lcov-report/lib/collection/setters/fn.js.html
58 silly gunzTarPerm modified mode [ 'coverage/lcov-report/lib/collection/setters/fn.js.html',
58 silly gunzTarPerm   511,
58 silly gunzTarPerm   493 ]
59 silly gunzTarPerm extractEntry coverage/lcov-report/lib/collection/setters/index.html
60 silly gunzTarPerm modified mode [ 'coverage/lcov-report/lib/collection/setters/index.html',
60 silly gunzTarPerm   511,
60 silly gunzTarPerm   493 ]
61 silly gunzTarPerm extractEntry coverage/lcov-report/lib/collection/setters/object.js.html
62 silly gunzTarPerm modified mode [ 'coverage/lcov-report/lib/collection/setters/object.js.html',
62 silly gunzTarPerm   511,
62 silly gunzTarPerm   493 ]
63 silly gunzTarPerm extractEntry coverage/lcov-report/lib/core/eventEmitter.js.html
64 silly gunzTarPerm modified mode [ 'coverage/lcov-report/lib/core/eventEmitter.js.html',
64 silly gunzTarPerm   511,
64 silly gunzTarPerm   493 ]
65 silly gunzTarPerm extractEntry coverage/lcov-report/lib/core/index.html
66 silly gunzTarPerm modified mode [ 'coverage/lcov-report/lib/core/index.html', 511, 493 ]
67 silly gunzTarPerm extractEntry coverage/lcov-report/lib/core/utils.js.html
68 silly gunzTarPerm modified mode [ 'coverage/lcov-report/lib/core/utils.js.html', 511, 493 ]
69 silly gunzTarPerm extractEntry coverage/lcov-report/lib/index.html
70 silly gunzTarPerm modified mode [ 'coverage/lcov-report/lib/index.html', 511, 493 ]
71 silly gunzTarPerm extractEntry coverage/lcov-report/lib/index.js.html
72 silly gunzTarPerm modified mode [ 'coverage/lcov-report/lib/index.js.html', 511, 493 ]
73 silly gunzTarPerm extractEntry coverage/lcov-report/lib/object/binding.js.html
74 silly gunzTarPerm modified mode [ 'coverage/lcov-report/lib/object/binding.js.html', 511, 493 ]
75 silly gunzTarPerm extractEntry coverage/lcov-report/lib/object/index.html
76 silly gunzTarPerm modified mode [ 'coverage/lcov-report/lib/object/index.html', 511, 493 ]
77 silly gunzTarPerm extractEntry coverage/lcov-report/lib/object/index.js.html
78 silly gunzTarPerm modified mode [ 'coverage/lcov-report/lib/object/index.js.html', 511, 493 ]
79 silly gunzTarPerm extractEntry coverage/lcov-report/lib/object/transform.js.html
80 silly gunzTarPerm modified mode [ 'coverage/lcov-report/lib/object/transform.js.html', 511, 493 ]
81 silly gunzTarPerm extractEntry coverage/lcov-report/lib/object/watchProperty.js.html
82 silly gunzTarPerm modified mode [ 'coverage/lcov-report/lib/object/watchProperty.js.html',
82 silly gunzTarPerm   511,
82 silly gunzTarPerm   493 ]
83 silly gunzTarPerm extractEntry coverage/lcov-report/lib/utils/computed.js.html
84 silly gunzTarPerm modified mode [ 'coverage/lcov-report/lib/utils/computed.js.html', 511, 493 ]
85 silly gunzTarPerm extractEntry coverage/lcov-report/lib/utils/index.html
86 silly gunzTarPerm modified mode [ 'coverage/lcov-report/lib/utils/index.html', 511, 493 ]
87 silly gunzTarPerm extractEntry coverage/lcov-report/lib/utils/options.js.html
88 silly gunzTarPerm modified mode [ 'coverage/lcov-report/lib/utils/options.js.html', 511, 493 ]
89 silly gunzTarPerm extractEntry coverage/lcov-report/prettify.css
90 silly gunzTarPerm modified mode [ 'coverage/lcov-report/prettify.css', 511, 493 ]
91 silly gunzTarPerm extractEntry coverage/lcov.info
92 silly gunzTarPerm modified mode [ 'coverage/lcov.info', 511, 493 ]
93 silly gunzTarPerm extractEntry test-web/collection-test.js
94 silly gunzTarPerm modified mode [ 'test-web/collection-test.js', 511, 493 ]
95 silly gunzTarPerm extractEntry test-web/fn-call-test.js
96 silly gunzTarPerm modified mode [ 'test-web/fn-call-test.js', 511, 493 ]
97 silly gunzTarPerm extractEntry test-web/object-collection-test.js
98 silly gunzTarPerm modified mode [ 'test-web/object-collection-test.js', 511, 493 ]
99 silly gunzTarPerm extractEntry test-web/object-test.js
100 silly gunzTarPerm modified mode [ 'test-web/object-test.js', 511, 493 ]
101 silly gunzTarPerm extractEntry .travis.yml
102 silly gunzTarPerm modified mode [ '.travis.yml', 511, 493 ]
103 silly gunzTarPerm extractEntry makefile
104 silly gunzTarPerm modified mode [ 'makefile', 511, 493 ]
105 silly gunzTarPerm extractEntry test/collection-test.js
106 silly gunzTarPerm modified mode [ 'test/collection-test.js', 511, 493 ]
107 silly gunzTarPerm extractEntry test/fn-call-test.js
108 silly gunzTarPerm modified mode [ 'test/fn-call-test.js', 511, 493 ]
109 silly gunzTarPerm extractEntry test/object-basic-test.js
110 silly gunzTarPerm modified mode [ 'test/object-basic-test.js', 511, 493 ]
111 silly gunzTarPerm extractEntry test/object-bind-computed-test.js
112 silly gunzTarPerm modified mode [ 'test/object-bind-computed-test.js', 511, 493 ]
113 silly gunzTarPerm extractEntry test/event-emitter-test.js
114 silly gunzTarPerm modified mode [ 'test/event-emitter-test.js', 511, 493 ]
115 silly gunzTarPerm extractEntry test/object-bind-test.js
116 silly gunzTarPerm modified mode [ 'test/object-bind-test.js', 511, 493 ]
117 silly gunzTarPerm extractEntry test/object-collection-test.js
118 silly gunzTarPerm modified mode [ 'test/object-collection-test.js', 511, 493 ]
119 silly gunzTarPerm extractEntry test/object-test.js
120 silly gunzTarPerm modified mode [ 'test/object-test.js', 511, 493 ]
121 silly gunzTarPerm extractEntry test/transform-test.js
122 silly gunzTarPerm modified mode [ 'test/transform-test.js', 511, 493 ]
123 silly gunzTarPerm extractEntry test/watching-test.js
124 silly gunzTarPerm modified mode [ 'test/watching-test.js', 511, 493 ]
125 silly gunzTarPerm extractEntry test/object-bind-multiple-test.js
126 silly gunzTarPerm modified mode [ 'test/object-bind-multiple-test.js', 511, 493 ]
127 silly gunzTarPerm extractEntry benchmark/index.js
128 silly gunzTarPerm modified mode [ 'benchmark/index.js', 511, 493 ]
129 silly gunzTarPerm extractEntry src/collection/index.coffee
130 silly gunzTarPerm modified mode [ 'src/collection/index.coffee', 511, 493 ]
131 silly gunzTarPerm extractEntry src/collection/setters/base.coffee
132 silly gunzTarPerm modified mode [ 'src/collection/setters/base.coffee', 511, 493 ]
133 silly gunzTarPerm extractEntry src/collection/setters/collection.coffee
134 silly gunzTarPerm modified mode [ 'src/collection/setters/collection.coffee', 511, 493 ]
135 silly gunzTarPerm extractEntry src/collection/setters/factory.coffee
136 silly gunzTarPerm modified mode [ 'src/collection/setters/factory.coffee', 511, 493 ]
137 silly gunzTarPerm extractEntry src/collection/setters/fn.coffee
138 silly gunzTarPerm modified mode [ 'src/collection/setters/fn.coffee', 511, 493 ]
139 silly gunzTarPerm extractEntry src/collection/setters/object.coffee
140 silly gunzTarPerm modified mode [ 'src/collection/setters/object.coffee', 511, 493 ]
141 silly gunzTarPerm extractEntry src/core/builder.coffee
142 silly gunzTarPerm modified mode [ 'src/core/builder.coffee', 511, 493 ]
143 silly gunzTarPerm extractEntry src/core/utils.coffee
144 silly gunzTarPerm modified mode [ 'src/core/utils.coffee', 511, 493 ]
145 silly gunzTarPerm extractEntry src/object/deepPropertyWatcher.coffee
146 silly gunzTarPerm modified mode [ 'src/object/deepPropertyWatcher.coffee', 511, 493 ]
147 silly gunzTarPerm extractEntry src/object/setters/base.coffee
148 silly gunzTarPerm modified mode [ 'src/object/setters/base.coffee', 511, 493 ]
149 silly gunzTarPerm extractEntry src/object/setters/bindable.coffee
150 silly gunzTarPerm modified mode [ 'src/object/setters/bindable.coffee', 511, 493 ]
151 silly gunzTarPerm extractEntry src/object/setters/collection.coffee
152 silly gunzTarPerm modified mode [ 'src/object/setters/collection.coffee', 511, 493 ]
153 silly gunzTarPerm extractEntry src/object/setters/factory.coffee
154 silly gunzTarPerm modified mode [ 'src/object/setters/factory.coffee', 511, 493 ]
155 silly gunzTarPerm extractEntry src/object/setters/fn.coffee
156 silly gunzTarPerm modified mode [ 'src/object/setters/fn.coffee', 511, 493 ]
157 silly gunzTarPerm extractEntry src/object/setters/property.coffee
158 silly gunzTarPerm modified mode [ 'src/object/setters/property.coffee', 511, 493 ]
159 silly gunzTarPerm extractEntry lib/index.js
160 silly gunzTarPerm modified mode [ 'lib/index.js', 511, 493 ]
161 silly gunzTarPerm extractEntry lib/collection/binding.js
162 silly gunzTarPerm modified mode [ 'lib/collection/binding.js', 511, 493 ]
163 silly gunzTarPerm extractEntry lib/collection/index.js
164 silly gunzTarPerm modified mode [ 'lib/collection/index.js', 511, 493 ]
165 silly gunzTarPerm extractEntry lib/collection/setters/base.js
166 silly gunzTarPerm modified mode [ 'lib/collection/setters/base.js', 511, 493 ]
167 silly gunzTarPerm extractEntry lib/collection/setters/collection.js
168 silly gunzTarPerm modified mode [ 'lib/collection/setters/collection.js', 511, 493 ]
169 silly gunzTarPerm extractEntry lib/collection/setters/factory.js
170 silly gunzTarPerm modified mode [ 'lib/collection/setters/factory.js', 511, 493 ]
171 silly gunzTarPerm extractEntry lib/collection/setters/fn.js
172 silly gunzTarPerm modified mode [ 'lib/collection/setters/fn.js', 511, 493 ]
173 silly gunzTarPerm extractEntry lib/collection/setters/object.js
174 silly gunzTarPerm modified mode [ 'lib/collection/setters/object.js', 511, 493 ]
175 silly gunzTarPerm extractEntry lib/core/builder.js
176 silly gunzTarPerm modified mode [ 'lib/core/builder.js', 511, 493 ]
177 silly gunzTarPerm extractEntry lib/core/eventEmitter.js
178 silly gunzTarPerm modified mode [ 'lib/core/eventEmitter.js', 511, 493 ]
179 silly gunzTarPerm extractEntry lib/core/utils.js
180 silly gunzTarPerm modified mode [ 'lib/core/utils.js', 511, 493 ]
181 silly gunzTarPerm extractEntry lib/object/binding.js
182 silly gunzTarPerm modified mode [ 'lib/object/binding.js', 511, 493 ]
183 silly gunzTarPerm extractEntry lib/object/deepPropertyWatcher.js
184 silly gunzTarPerm modified mode [ 'lib/object/deepPropertyWatcher.js', 511, 493 ]
185 silly gunzTarPerm extractEntry lib/object/dref.js
186 silly gunzTarPerm modified mode [ 'lib/object/dref.js', 511, 493 ]
187 silly gunzTarPerm extractEntry lib/object/index.js
188 silly gunzTarPerm modified mode [ 'lib/object/index.js', 511, 493 ]
189 silly gunzTarPerm extractEntry lib/object/transform.js
190 silly gunzTarPerm modified mode [ 'lib/object/transform.js', 511, 493 ]
191 silly gunzTarPerm extractEntry lib/object/watchProperty.js
192 silly gunzTarPerm modified mode [ 'lib/object/watchProperty.js', 511, 493 ]
193 silly gunzTarPerm extractEntry lib/object/setters/base.js
194 silly gunzTarPerm modified mode [ 'lib/object/setters/base.js', 511, 493 ]
195 silly gunzTarPerm extractEntry lib/object/setters/bindable.js
196 silly gunzTarPerm modified mode [ 'lib/object/setters/bindable.js', 511, 493 ]
197 silly gunzTarPerm extractEntry lib/object/setters/collection.js
198 silly gunzTarPerm modified mode [ 'lib/object/setters/collection.js', 511, 493 ]
199 silly gunzTarPerm extractEntry lib/object/setters/factory.js
200 silly gunzTarPerm modified mode [ 'lib/object/setters/factory.js', 511, 493 ]
201 silly gunzTarPerm extractEntry lib/object/setters/fn.js
202 silly gunzTarPerm modified mode [ 'lib/object/setters/fn.js', 511, 493 ]
203 silly gunzTarPerm extractEntry lib/object/setters/property.js
204 silly gunzTarPerm modified mode [ 'lib/object/setters/property.js', 511, 493 ]
205 silly gunzTarPerm extractEntry lib/shim/dref.js
206 silly gunzTarPerm modified mode [ 'lib/shim/dref.js', 511, 493 ]
207 silly gunzTarPerm extractEntry lib/utils/computed.js
208 silly gunzTarPerm modified mode [ 'lib/utils/computed.js', 511, 493 ]
209 silly gunzTarPerm extractEntry lib/utils/options.js
210 silly gunzTarPerm modified mode [ 'lib/utils/options.js', 511, 493 ]
211 silly lockFile 7a1967d0-60056-0-2860844840761274-package tar:///var/folders/n1/r96x64mx6jzcbzkbz1ddrw6r0000gn/T/npm-8103-s4CkM4QZ/1388810260056-0.2860844840761274/package
212 silly lockFile 7a1967d0-60056-0-2860844840761274-package tar:///var/folders/n1/r96x64mx6jzcbzkbz1ddrw6r0000gn/T/npm-8103-s4CkM4QZ/1388810260056-0.2860844840761274/package
213 silly lockFile 56dc728a-60056-0-2860844840761274-tmp-tgz tar:///var/folders/n1/r96x64mx6jzcbzkbz1ddrw6r0000gn/T/npm-8103-s4CkM4QZ/1388810260056-0.2860844840761274/tmp.tgz
214 silly lockFile 56dc728a-60056-0-2860844840761274-tmp-tgz tar:///var/folders/n1/r96x64mx6jzcbzkbz1ddrw6r0000gn/T/npm-8103-s4CkM4QZ/1388810260056-0.2860844840761274/tmp.tgz
215 verbose tar pack [ '/Users/craig/.npm/bindable/0.5.6/package.tgz',
215 verbose tar pack   '/var/folders/n1/r96x64mx6jzcbzkbz1ddrw6r0000gn/T/npm-8103-s4CkM4QZ/1388810260056-0.2860844840761274/package' ]
216 verbose tarball /Users/craig/.npm/bindable/0.5.6/package.tgz
217 verbose folder /var/folders/n1/r96x64mx6jzcbzkbz1ddrw6r0000gn/T/npm-8103-s4CkM4QZ/1388810260056-0.2860844840761274/package
218 silly lockFile 7a1967d0-60056-0-2860844840761274-package tar:///var/folders/n1/r96x64mx6jzcbzkbz1ddrw6r0000gn/T/npm-8103-s4CkM4QZ/1388810260056-0.2860844840761274/package
219 verbose lock tar:///var/folders/n1/r96x64mx6jzcbzkbz1ddrw6r0000gn/T/npm-8103-s4CkM4QZ/1388810260056-0.2860844840761274/package /Users/craig/.npm/7a1967d0-60056-0-2860844840761274-package.lock
220 silly lockFile 4fda364d-g-npm-bindable-0-5-6-package-tgz tar:///Users/craig/.npm/bindable/0.5.6/package.tgz
221 verbose lock tar:///Users/craig/.npm/bindable/0.5.6/package.tgz /Users/craig/.npm/4fda364d-g-npm-bindable-0-5-6-package-tgz.lock
222 silly lockFile 7a1967d0-60056-0-2860844840761274-package tar:///var/folders/n1/r96x64mx6jzcbzkbz1ddrw6r0000gn/T/npm-8103-s4CkM4QZ/1388810260056-0.2860844840761274/package
223 silly lockFile 7a1967d0-60056-0-2860844840761274-package tar:///var/folders/n1/r96x64mx6jzcbzkbz1ddrw6r0000gn/T/npm-8103-s4CkM4QZ/1388810260056-0.2860844840761274/package
224 silly lockFile 4fda364d-g-npm-bindable-0-5-6-package-tgz tar:///Users/craig/.npm/bindable/0.5.6/package.tgz
225 silly lockFile 4fda364d-g-npm-bindable-0-5-6-package-tgz tar:///Users/craig/.npm/bindable/0.5.6/package.tgz
226 silly lockFile 998c793f-craig-npm-bindable-0-5-6-package /Users/craig/.npm/bindable/0.5.6/package
227 verbose lock /Users/craig/.npm/bindable/0.5.6/package /Users/craig/.npm/998c793f-craig-npm-bindable-0-5-6-package.lock
228 silly lockFile 998c793f-craig-npm-bindable-0-5-6-package /Users/craig/.npm/bindable/0.5.6/package
229 silly lockFile 998c793f-craig-npm-bindable-0-5-6-package /Users/craig/.npm/bindable/0.5.6/package
230 verbose tar unpack /Users/craig/.npm/bindable/0.5.6/package.tgz
231 silly lockFile 27ff5b56-craig-npm-bindable-0-5-6-package tar:///Users/craig/.npm/bindable/0.5.6/package
232 verbose lock tar:///Users/craig/.npm/bindable/0.5.6/package /Users/craig/.npm/27ff5b56-craig-npm-bindable-0-5-6-package.lock
233 silly lockFile 4fda364d-g-npm-bindable-0-5-6-package-tgz tar:///Users/craig/.npm/bindable/0.5.6/package.tgz
234 verbose lock tar:///Users/craig/.npm/bindable/0.5.6/package.tgz /Users/craig/.npm/4fda364d-g-npm-bindable-0-5-6-package-tgz.lock
235 silly gunzTarPerm modes [ '755', '644' ]
236 silly gunzTarPerm extractEntry package.json
237 silly gunzTarPerm extractEntry .npmignore
238 silly gunzTarPerm extractEntry README.md
239 silly gunzTarPerm extractEntry karma.conf.js
240 silly gunzTarPerm extractEntry build/bindable.js
241 silly gunzTarPerm extractEntry build/bindable2.js
242 silly gunzTarPerm extractEntry coverage/coverage.json
243 silly gunzTarPerm extractEntry coverage/lcov-report/prettify.js
244 silly gunzTarPerm extractEntry coverage/lcov-report/index.html
245 silly gunzTarPerm extractEntry coverage/lcov-report/lib/collection/binding.js.html
246 silly gunzTarPerm extractEntry coverage/lcov-report/lib/collection/index.html
247 silly gunzTarPerm extractEntry coverage/lcov-report/lib/collection/index.js.html
248 silly gunzTarPerm extractEntry coverage/lcov-report/lib/collection/setters/base.js.html
249 silly gunzTarPerm extractEntry coverage/lcov-report/lib/collection/setters/collection.js.html
250 silly gunzTarPerm extractEntry coverage/lcov-report/lib/collection/setters/factory.js.html
251 silly gunzTarPerm extractEntry coverage/lcov-report/lib/collection/setters/fn.js.html
252 silly gunzTarPerm extractEntry coverage/lcov-report/lib/collection/setters/index.html
253 silly gunzTarPerm extractEntry coverage/lcov-report/lib/collection/setters/object.js.html
254 silly gunzTarPerm extractEntry coverage/lcov-report/lib/core/eventEmitter.js.html
255 silly gunzTarPerm extractEntry coverage/lcov-report/lib/core/index.html
256 silly gunzTarPerm extractEntry coverage/lcov-report/lib/core/utils.js.html
257 silly gunzTarPerm extractEntry coverage/lcov-report/lib/index.html
258 silly gunzTarPerm extractEntry coverage/lcov-report/lib/index.js.html
259 silly gunzTarPerm extractEntry coverage/lcov-report/lib/object/binding.js.html
260 silly gunzTarPerm extractEntry coverage/lcov-report/lib/object/index.html
261 silly gunzTarPerm extractEntry coverage/lcov-report/lib/object/index.js.html
262 silly gunzTarPerm extractEntry coverage/lcov-report/lib/object/transform.js.html
263 silly gunzTarPerm extractEntry coverage/lcov-report/lib/object/watchProperty.js.html
264 silly gunzTarPerm extractEntry coverage/lcov-report/lib/utils/computed.js.html
265 silly gunzTarPerm extractEntry coverage/lcov-report/lib/utils/index.html
266 silly gunzTarPerm extractEntry coverage/lcov-report/lib/utils/options.js.html
267 silly gunzTarPerm extractEntry coverage/lcov-report/prettify.css
268 silly gunzTarPerm extractEntry coverage/lcov.info
269 silly gunzTarPerm extractEntry .travis.yml
270 silly gunzTarPerm extractEntry lib/index.js
271 silly gunzTarPerm extractEntry lib/collection/binding.js
272 silly gunzTarPerm extractEntry lib/collection/index.js
273 silly gunzTarPerm extractEntry lib/collection/setters/base.js
274 silly gunzTarPerm extractEntry lib/collection/setters/collection.js
275 silly gunzTarPerm extractEntry lib/collection/setters/factory.js
276 silly gunzTarPerm extractEntry lib/collection/setters/fn.js
277 silly gunzTarPerm extractEntry lib/collection/setters/object.js
278 silly gunzTarPerm extractEntry lib/core/builder.js
279 silly gunzTarPerm extractEntry lib/core/eventEmitter.js
280 silly gunzTarPerm extractEntry lib/core/utils.js
281 silly gunzTarPerm extractEntry lib/object/binding.js
282 silly gunzTarPerm extractEntry lib/object/deepPropertyWatcher.js
283 silly gunzTarPerm extractEntry lib/object/dref.js
284 silly gunzTarPerm extractEntry lib/object/index.js
285 silly gunzTarPerm extractEntry lib/object/transform.js
286 silly gunzTarPerm extractEntry lib/object/watchProperty.js
287 silly gunzTarPerm extractEntry lib/object/setters/base.js
288 silly gunzTarPerm extractEntry lib/object/setters/bindable.js
289 silly gunzTarPerm extractEntry lib/object/setters/collection.js
290 silly gunzTarPerm extractEntry lib/object/setters/factory.js
291 silly gunzTarPerm extractEntry lib/object/setters/fn.js
292 silly gunzTarPerm extractEntry lib/object/setters/property.js
293 silly gunzTarPerm extractEntry lib/shim/dref.js
294 silly gunzTarPerm extractEntry lib/utils/computed.js
295 silly gunzTarPerm extractEntry lib/utils/options.js
296 silly gunzTarPerm extractEntry makefile
297 silly gunzTarPerm extractEntry benchmark/index.js
298 silly gunzTarPerm extractEntry src/collection/index.coffee
299 silly gunzTarPerm extractEntry src/collection/setters/base.coffee
300 silly gunzTarPerm extractEntry src/collection/setters/collection.coffee
301 silly gunzTarPerm extractEntry src/collection/setters/factory.coffee
302 silly gunzTarPerm extractEntry src/collection/setters/fn.coffee
303 silly gunzTarPerm extractEntry src/collection/setters/object.coffee
304 silly gunzTarPerm extractEntry src/core/builder.coffee
305 silly gunzTarPerm extractEntry src/core/utils.coffee
306 silly gunzTarPerm extractEntry src/object/deepPropertyWatcher.coffee
307 silly gunzTarPerm extractEntry src/object/setters/base.coffee
308 silly gunzTarPerm extractEntry src/object/setters/bindable.coffee
309 silly gunzTarPerm extractEntry src/object/setters/collection.coffee
310 silly gunzTarPerm extractEntry src/object/setters/factory.coffee
311 silly gunzTarPerm extractEntry src/object/setters/fn.coffee
312 silly gunzTarPerm extractEntry src/object/setters/property.coffee
313 silly gunzTarPerm extractEntry test/collection-test.js
314 silly gunzTarPerm extractEntry test/fn-call-test.js
315 silly gunzTarPerm extractEntry test/object-basic-test.js
316 silly gunzTarPerm extractEntry test/object-bind-computed-test.js
317 silly gunzTarPerm extractEntry test/event-emitter-test.js
318 silly gunzTarPerm extractEntry test/object-bind-test.js
319 silly gunzTarPerm extractEntry test/object-collection-test.js
320 silly gunzTarPerm extractEntry test/object-test.js
321 silly gunzTarPerm extractEntry test/transform-test.js
322 silly gunzTarPerm extractEntry test/watching-test.js
323 silly gunzTarPerm extractEntry test/object-bind-multiple-test.js
324 silly gunzTarPerm extractEntry test-web/collection-test.js
325 silly gunzTarPerm extractEntry test-web/fn-call-test.js
326 silly gunzTarPerm extractEntry test-web/object-collection-test.js
327 silly gunzTarPerm extractEntry test-web/object-test.js
328 silly lockFile 27ff5b56-craig-npm-bindable-0-5-6-package tar:///Users/craig/.npm/bindable/0.5.6/package
329 silly lockFile 27ff5b56-craig-npm-bindable-0-5-6-package tar:///Users/craig/.npm/bindable/0.5.6/package
330 silly lockFile 4fda364d-g-npm-bindable-0-5-6-package-tgz tar:///Users/craig/.npm/bindable/0.5.6/package.tgz
331 silly lockFile 4fda364d-g-npm-bindable-0-5-6-package-tgz tar:///Users/craig/.npm/bindable/0.5.6/package.tgz
332 verbose chmod /Users/craig/.npm/bindable/0.5.6/package.tgz 644
333 verbose chown /Users/craig/.npm/bindable/0.5.6/package.tgz [ 501, 20 ]
334 silly lockFile 3a52ce78- .
335 silly lockFile 3a52ce78- .
336 silly publish { name: 'bindable',
336 silly publish   version: '0.5.6',
336 silly publish   description: 'bindable.js ===========',
336 silly publish   main: './lib/index.js',
336 silly publish   scripts: { test: 'mocha' },
336 silly publish   repository:
336 silly publish    { type: 'git',
336 silly publish      url: 'git://github.com/classdojo/bindable.js.git' },
336 silly publish   author: '',
336 silly publish   license: 'BSD',
336 silly publish   readmeFilename: 'README.md',
336 silly publish   gitHead: '7edb2889d669a6f42b537b50772f9e86cf6337f1',
336 silly publish   dependencies:
336 silly publish    { dref: '0.1.x',
336 silly publish      disposable: '0.0.x',
336 silly publish      underscore: '~1.4.4',
336 silly publish      hoist: '0.0.x',
336 silly publish      toarray: '0.0.1',
336 silly publish      outcome: '0.0.x',
336 silly publish      'type-component': '0.0.x',
336 silly publish      async: '0.2.x',
336 silly publish      protoclass: '0.0.5' },
336 silly publish   devDependencies:
336 silly publish    { mocha: '1.8.x',
336 silly publish      'expect.js': '0.2.x',
336 silly publish      structr: '0.2.x',
336 silly publish      sift: '0.0.9',
336 silly publish      sardines: '0.4.x',
336 silly publish      karma: '0.8.x',
336 silly publish      benchmark: '~1.0.0',
336 silly publish      istanbul: '~0.2.1',
336 silly publish      coveralls: '~2.6.0' },
336 silly publish   readme: '# Bindable.js [![Alt ci](https://travis-ci.org/classdojo/bindable.js.png)](https://travis-ci.org/classdojo/bindable.js)\n\nIncredibly flexible bi-directional data binding library for `objects`, and `collections`. \n\n## Projects using bindable.js\n\n- [Paperclip.js](/classdojo/paperclip.js) - data-bindable templating engine.\n- [Linen.js](/classdojo/linen.js) - API library\n- [Sherpa.js](/classdojo/sherpa.js) - online tours library\n- [Mojo.js](/classdojo/mojo.js) - javascript framework.\n- [ECTwo](/crcn/node-ectwo)\n- [cortado](/crcn/cortado) - full integration testing framework. \n\n\n## BindableObject Example\n\n```javascript\nvar BindableObject = require("bindable").Object;\n\nvar item = new BindableObject({\n  name: "craig",\n  last: "condon",\n  location: {\n    city: "San Francisco"\n  }\n});\n\nitem.bind("location.zip", function(value) {\n  \n}).now();\n\n//triggers the binding\nitem.set("location.zip", "94102"); \n\n\n\n//bind location.zip to another property in the model, and do it only once\nitem.bind("location.zip", "zip").once().now();\n\n//bind location.zip to another object, and make it go both ways!\nitem.bind("location.zip").to(anotherModel, "location.zip").bothWays().now();\n\n//chain to multiple items, and limit it!\nitem.bind("location.zip").to("property").to("anotherProperty").to(function(value) {\n  \n}).limit(5).now();\n\nitem.bind({\n  property: "location.zip",\n  limit: 5,\n  to: "anotherProperty",\n  now: true\n})\n\n//you can even bind to values by setting a binding\nanotherModel.set("location.zip", item.bind("location.zip"));\n\n//you can also transform data as it\'s being bound\nitem.bind("name").map(function(name) {\n  return name.toUpperCase()\n}).to("name2").now();\n\n```\n\n## BindableCollection Example\n\n```javascript\nvar collection = new bindable.Collection([{ name: "craig" }, { name: "sam" }, { name: "liam" }]),\ncollection2 = new bindable.Collection();\n\n//binding to another collection, and transform that value into something else\ncollection.bind().map(function(item) {\n  return new BindableObject(item);\n}).to(collection2);\n\n//binding to a collection with a filter\ncollection.bind().filter({ name: {$nin: ["craig", "liam"] }}).to(collection2).now();\n\n\nvar source = [];\n\ncollection.bind(function(method, item, index) {\n  switch(method) {\n    case "insert": \n      source.splice(index, 0, item);\n    break;\n    case "update":\n    case "replace":\n      source.splice(index, 1, item);\n    break;\n    case "remove":\n      source.splice(index, 1);\n    break;\n  }\n});\n```\n\n## Iteration helper\n\n```javascript\nvar jake = new bindable.Object({\n  name: "jake",\n  age: 12\n});\n\nvar sam = new bindable.Object({\n  name: "sam",\n  age: 22\n});\n\nvar craig = new bindable.Object({\n  name: "craig",\n  age: 23\n});\n\nvar liam = new bindable.Object({\n  name: "liam",\n  friends: [jake, sam, craig],\n  getFriendsOlderThan20: bindable.computed("friends.@forEach.age", function(next) {\n    this.get("friends").filter(function(friend) {\n      return friend.get("age") > 20;\n    }).forEach(next);\n  })\n});\n\n\nliam.bind("@getFriendsOlderThan20.name").to(function(friendsOlderThan20) {\n  //[sam, craig]\n}).now();\n\njake.set("age", 22);\n\n//callback friendsOlderThan20 = [sam, craig, jake]\n```\n\n\n## Computed Properties\n\n\n```javascript\nvar notification = new bindable.Object({\n  message: "hello",\n  read: false\n}),\nnotification2 = new bindable.Object({\n  message: "hello 2",\n  read: true\n});\n\nvar notifications = new bindable.Collection([notification, notification2]);\n\n//bind the number of unread notifications to numUnreadNotifications\nnotifications.bind("@each.read").map(function(readNotifications) {\n  return readNotifications.filter(function(isRead) {\n    return !isRead;\n  }).length;\n}).to("numUnreadNotifications").now();\n\nconsole.log(notifications.get("numUnreadNotifications")); //1\n\nfor(var i = notifications.length(); i--;) {\n  notifications.at(i).set("read", true);\n}\nconsole.log(notifications.get("numUnreadNotifications")); //0\n\n```\n\n## Add some sugar...\n\nYou can also compute properties by watching multiple values. For instance:\n\n```javascript\n\nvar person = new bindable.Object({\n  firstName: "John",\n  lastName: "Doe"\n});\n\nperson.bind("firstName, lastName").map({\n  to: function(firstName, lastName) {\n    return [firstName, lastName].join(" ");\n  },\n  from: function(fullName) {\n    return String(fullName).split(" ");\n  }\n}).to("fullName").bothWays().now();\n\nconsole.log(person.get("fullName")); //John Doe\nperson.set("fullName", "Jake Anderson"); \nconsole.log(person.get("firstName"), person.get("lastName")); //Jake Anderson\n```\n\n\n## API\n\n\n### value bindable.get(property)\n\nReturns a property on the bindable object\n\n```javascript\nvar bindable = new bindable.Object({ city: { name: "SF" } });\n\nconsole.log(bindable.get("city.name")); // SF\n```\n\n### bindable.set(property, value)\n\nSets a value to the bindable object\n\n```javascript\nvar obj = new bindable.Object();\nbindable.set("city.name", "sf");\nconsole.log(obj.get("city.name")); // SF\n```\n\n### bindable.has(property)\n\nReturns true if the bindable object has a given property\n\n```javascript\nvar obj = new bindable.Object({ count: 0, male: false, name: "craig" });\n\nconsole.log(obj.has("count")); // true\nconsole.log(obj.has("male")); // true\nconsole.log(obj.has("name")); // true\nconsole.log(obj.has("city")); // false\n```\n\n### Object bindable.context()\n\nreturns the context of the bindable object.\n\n```javascript\nvar context = {};\nvar obj     = new bindable.Object(context);\n\nconsole.log(obj.context() == context); // true\n```\n\n### bindable.dispose()\n\nEmits a `dispose` event, destroying all data-bindings and listeners on the given bindable object.\n\n```javascript\nvar obj = new bindable.Object({ name: "craig" });\n\nobj.bind("name").to("name2").now();\n\nconsole.log(obj.get("name2")); // craig\n\nobj.dispose();\n\nobj.set("name", "abba");\nconsole.log(obj.get("name2")); // craig\n```\n\n### binding bindable.bind(from [, to])\n\nCreates a new binding object.\n\n```javascript\nvar obj = new bindable.Object({ name: "craig" });\n\n//bind to name2\nobj.bind("name", "name2").now();\n\n//same as above, different style.\nobj.bind("name").to("name2").now();\n```\n\n### binding.to(targetOrFnOrProperty [, property])\n\nBinds to another object, or property.\n\n```javascript\nvar obj = new bindable.Object(),\nobj2    = new bindable.Object();\n\nobj.bind("name").to(obj2, "name").now();\nobj.bind("name").to("name2").now();\n\nobj.set("name", "craig");\nconsole.log(obj2.get("name")); // craig\nconsole.log(obj.get("name2")); // craig\n```\n\nBinding to a function:\n\n```javascript\nvar obj = new bindable.Object();\n\n//triggered after setting name\nobj.bind("name").to(function (value, oldValue) {\n  console.log(value); // craig\n}).now();\n\nobj.set("name", "craig"); // craig\n```\n\nYou can also chain `to` together:\n\n```javascript\nvar obj = new bindable.Object();\nobj.bind("name").to(function(value, oldValue) {\n  console.log(value); // craig\n}).to("name2").now();\n\nobj.set("name", "craig");\nconsole.log(obj.get("name2")); // craig\n```\n\n### binding.now()\n\nExecutes the binding now. For example:\n\n```javascript\nvar person = new bindable.Object({ name: "craig" });\n\n//only executes on change\nperson.bind("name").to("name2");\n\n//executes now, name must be present.\nperson.bind("name").to("name3").now();\n\nconsole.log(person.get("name2")); // undefined\nconsole.log(person.get("name3")); // craig\n\nperson.set("name", "john"); \n\nconsole.log(person.get("name2")); // john\nconsole.log(person.get("name3")); // john\n```\n\n### binding.bothWays()\n\nbinds properties the other way around.\n\n```javascript\nvar person = new bindable.Object();\nperson.bind("name").to("name2").bothWays().now();\n\nperson.set("name", "craig");\n\nconsole.log(person.get("name")); // craig\nconsole.log(person.get("name2")); // craig\n\nperson.set("name2", "john");\n\nconsole.log(person.get("name")); // john\nconsole.log(person.get("name2")); // john\n```\n\n### binding.map(options)\n\nTransforms a value:\n\n```javascript\nvar person = new bindable.Object({ firstName: "craig", lastName: "condon" });\n\n//map TO fullName\nperson.bind("firstName, lastName").map(function(firstName, lastName) {\n  return [firstName, lastName].join(" ")\n}).to("fullName").now();\n\nconsole.log(person.get("fullName")); // craig condon\n```\n\nYou can also map from another value:\n\n```javascript\n\nvar person = new bindable.Object({ firstName: "craig", lastName: "condon" });\n\n//map TO fullName\nperson.bind("firstName, lastName").map({\n  to: function(firstName, lastName) {\n    return [firstName, lastName].join(" ")\n  },\n  from: function(fullName) {\n    return fullName.split(" ");\n  }\n}).to("fullName").bothWays().now();\n\nconsole.log(person.get("fullName")); // craig condon\n\nperson.set("fullName", "john anderson");\n\nconsole.log(person.get("firstName")); // john\nconsole.log(person.get("lastName")); // anderson\n```\n\n### binding.limit(count)\n\nLimits the number of times a binding ca be triggered.\n\n```javascript\nvar person = new bindable.Object();\nperson.bind("count").to("count2").limit(2).now();\n\nperson.set("count", 1);\nconsole.log(person.get("count2")); // 1\nperson.set("count", 2);\nconsole.log(person.get("count2")); // 2\nperson.set("count", 3);\nconsole.log(person.get("count2")); // 2\n```\n\n### binding.once()\n\nTriggers the binding once.\n\n```javascript\nvar person = new bindable.Object({ name: "craig" });\nperson.bind("name").map(function(name) {\n  return name.toUpperCase();\n}).to("nameUpper").once().now();\n\nconsole.log(person.get("nameUpper")); // CRAIG\nperson.set("name", "john"); // not triggered\nconsole.log(person.get("nameUpper")); // CRAIG\n```\n\n\n### binding.dispose()\n\nDisposes the binding.\n\n```javascript\nvar person = new bindable.Object({ name: "craig" });\nperson.bind("name").to("name2").now().dispose();\n\nconsole.log(person.get("name2")); // craig\nperson.set("name2", "john");\nconsole.log(person.get("name2")); // craig\n```\n\n\n## Chaining\n\nbindable.js allows you to easily chain bindings together. Here are a few examples\n\n```javascript\nvar person = new bindable.Object();\n\n//bind property to multiple values. Run through multiple mappers.\nperson.bind(property).map(fn).to(value).map(fn2).to(anotherValue).now()\n```',
336 silly publish   bugs: { url: 'https://github.com/classdojo/bindable.js/issues' },
336 silly publish   _id: 'bindable@0.5.6',
336 silly publish   dist: { shasum: '8cde61537fcbf0e185f5c4bac8c6af749cdb7a2d' },
336 silly publish   _from: '.' }
337 verbose url raw bindable
338 verbose url resolving [ 'http://registry.npmjs.org/', './bindable' ]
339 verbose url resolved http://registry.npmjs.org/bindable
340 info trying registry request attempt 1 at 22:37:40
341 http PUT http://registry.npmjs.org/bindable
342 http 409 http://registry.npmjs.org/bindable
343 verbose url raw bindable
344 verbose url resolving [ 'http://registry.npmjs.org/', './bindable' ]
345 verbose url resolved http://registry.npmjs.org/bindable
346 info trying registry request attempt 1 at 22:37:41
347 http GET http://registry.npmjs.org/bindable
348 http 200 http://registry.npmjs.org/bindable
349 error publish fail Cannot publish over existing version.
349 error publish fail Update the 'version' field in package.json and try again.
349 error publish fail
349 error publish fail If the previous version was published in error, see:
349 error publish fail     npm help unpublish
349 error publish fail
349 error publish fail To automatically increment version numbers, see:
349 error publish fail     npm help version
350 error System Darwin 13.0.0
351 error command "node" "/usr/local/bin/npm" "publish"
352 error cwd /Users/craig/Developer/Public/bindable.js
353 error node -v v0.10.21
354 error npm -v 1.3.11
355 error code EPUBLISHCONFLICT
356 verbose exit [ 1, true ]
